==============================================================
Vivado(TM) HLS - High-Level Synthesis from C, C++ and SystemC v2020.1 (64-bit)
Copyright 1986-2020 Xilinx, Inc. All Rights Reserved.
==============================================================
INFO: [SYN 201-201] Setting up clock 'default' with a period of 10ns.
INFO: [HLS 200-10] Setting target device to 'xc7z020-clg484-1'
INFO: [SYN 201-201] Setting up clock 'default' with a period of 10ns.
INFO: [SCHED 204-61] Option 'relax_ii_for_timing' is enabled, will increase II to preserve clock frequency constraints.
INFO: [HLS 200-10] Analyzing design file 'source_files/rayTriangleIntersection.cpp' ... 
ERROR: [HLS 200-70] Compilation errors found: In file included from source_files/rayTriangleIntersection.cpp:1:
In file included from source_files/rayTriangleIntersection.cpp:1:
source_files/geometry.h:120:27: error: unknown type name 'uint8_t'
    const T& operator [] (uint8_t i) const { return (&x)[i]; }
                          ^
source_files/geometry.h:121:21: error: unknown type name 'uint8_t'
    T& operator [] (uint8_t i) { return (&x)[i]; }
                    ^
source_files/geometry.h:166:15: warning: in-class initialization of non-static data member is a C++11 extension [-Wc++11-extensions]
    T x[4][4] = {{1,0,0,0},{0,1,0,0},{0,0,1,0},{0,0,0,1}};
              ^
source_files/geometry.h:192:27: error: unknown type name 'uint8_t'
    const T* operator [] (uint8_t i) const { return x[i]; }
                          ^
source_files/geometry.h:193:21: error: unknown type name 'uint8_t'
    T* operator [] (uint8_t i) { return x[i]; }
                    ^
In file included from source_files/rayTriangleIntersection.cpp:1:
source_files/rayTriangleIntersection.cpp:13:18: error: invalid operands to binary expression ('const Vec3f' (aka 'const Vec3<float>') and 'const Vec3f')
 Vec3f v0v1 = v1 - v0;
              ~~ ^ ~~
source_files/rayTriangleIntersection.cpp:33:21: error: use of undeclared identifier 'kEpsilon'
    if (fabs(det) < kEpsilon) return false;
                    ^
1 warning and 6 errors generated.
==============================================================
Vivado(TM) HLS - High-Level Synthesis from C, C++ and SystemC v2020.1 (64-bit)
Copyright 1986-2020 Xilinx, Inc. All Rights Reserved.
==============================================================
==============================================================
Vivado(TM) HLS - High-Level Synthesis from C, C++ and SystemC v2020.1 (64-bit)
Copyright 1986-2020 Xilinx, Inc. All Rights Reserved.
==============================================================
INFO: [SYN 201-201] Setting up clock 'default' with a period of 10ns.
INFO: [HLS 200-10] Setting target device to 'xc7z020-clg484-1'
INFO: [SCHED 204-61] Option 'relax_ii_for_timing' is enabled, will increase II to preserve clock frequency constraints.
INFO: [HLS 200-10] Analyzing design file 'source_files/rayTriangleIntersection.cpp' ... 
ERROR: [HLS 200-70] Compilation errors found: In file included from source_files/rayTriangleIntersection.cpp:1:
In file included from source_files/rayTriangleIntersection.cpp:1:
source_files/geometry.h:120:27: error: unknown type name 'uint8_t'
    const T& operator [] (uint8_t i) const { return (&x)[i]; }
                          ^
source_files/geometry.h:121:21: error: unknown type name 'uint8_t'
    T& operator [] (uint8_t i) { return (&x)[i]; }
                    ^
source_files/geometry.h:166:15: warning: in-class initialization of non-static data member is a C++11 extension [-Wc++11-extensions]
    T x[4][4] = {{1,0,0,0},{0,1,0,0},{0,0,1,0},{0,0,0,1}};
              ^
source_files/geometry.h:192:27: error: unknown type name 'uint8_t'
    const T* operator [] (uint8_t i) const { return x[i]; }
                          ^
source_files/geometry.h:193:21: error: unknown type name 'uint8_t'
    T* operator [] (uint8_t i) { return x[i]; }
                    ^
In file included from source_files/rayTriangleIntersection.cpp:1:
source_files/rayTriangleIntersection.cpp:16:18: error: invalid operands to binary expression ('const Vec3f' (aka 'const Vec3<float>') and 'const Vec3f')
 Vec3f v0v1 = v1 - v0;
              ~~ ^ ~~
1 warning and 5 errors generated.
==============================================================
Vivado(TM) HLS - High-Level Synthesis from C, C++ and SystemC v2020.1 (64-bit)
Copyright 1986-2020 Xilinx, Inc. All Rights Reserved.
==============================================================
INFO: [SYN 201-201] Setting up clock 'default' with a period of 10ns.
INFO: [HLS 200-10] Setting target device to 'xc7z020-clg484-1'
INFO: [SCHED 204-61] Option 'relax_ii_for_timing' is enabled, will increase II to preserve clock frequency constraints.
INFO: [HLS 200-10] Analyzing design file 'source_files/rayTriangleIntersection.cpp' ... 
ERROR: [HLS 200-70] Compilation errors found: In file included from source_files/rayTriangleIntersection.cpp:1:
In file included from source_files/rayTriangleIntersection.cpp:1:
source_files/geometry.h:120:27: error: unknown type name 'uint8_t'
    const T& operator [] (uint8_t i) const { return (&x)[i]; }
                          ^
source_files/geometry.h:121:21: error: unknown type name 'uint8_t'
    T& operator [] (uint8_t i) { return (&x)[i]; }
                    ^
source_files/geometry.h:166:15: warning: in-class initialization of non-static data member is a C++11 extension [-Wc++11-extensions]
    T x[4][4] = {{1,0,0,0},{0,1,0,0},{0,0,1,0},{0,0,0,1}};
              ^
source_files/geometry.h:192:27: error: unknown type name 'uint8_t'
    const T* operator [] (uint8_t i) const { return x[i]; }
                          ^
source_files/geometry.h:193:21: error: unknown type name 'uint8_t'
    T* operator [] (uint8_t i) { return x[i]; }
                    ^
In file included from source_files/rayTriangleIntersection.cpp:1:
source_files/rayTriangleIntersection.cpp:17:18: error: invalid operands to binary expression ('const Vec3f' (aka 'const Vec3<float>') and 'const Vec3f')
 Vec3f v0v1 = v1 - v0;
              ~~ ^ ~~
1 warning and 5 errors generated.
==============================================================
Vivado(TM) HLS - High-Level Synthesis from C, C++ and SystemC v2020.1 (64-bit)
Copyright 1986-2020 Xilinx, Inc. All Rights Reserved.
==============================================================
==============================================================
Vivado(TM) HLS - High-Level Synthesis from C, C++ and SystemC v2020.1 (64-bit)
Copyright 1986-2020 Xilinx, Inc. All Rights Reserved.
==============================================================
==============================================================
Vivado(TM) HLS - High-Level Synthesis from C, C++ and SystemC v2020.1 (64-bit)
Copyright 1986-2020 Xilinx, Inc. All Rights Reserved.
==============================================================
==============================================================
Vivado(TM) HLS - High-Level Synthesis from C, C++ and SystemC v2020.1 (64-bit)
Copyright 1986-2020 Xilinx, Inc. All Rights Reserved.
==============================================================
INFO: [SYN 201-201] Setting up clock 'default' with a period of 10ns.
INFO: [HLS 200-10] Setting target device to 'xc7z020-clg484-1'
INFO: [SCHED 204-61] Option 'relax_ii_for_timing' is enabled, will increase II to preserve clock frequency constraints.
INFO: [HLS 200-10] Analyzing design file 'source_files/rayTriangleIntersection.cpp' ... 
ERROR: [HLS 200-70] Compilation errors found: In file included from source_files/rayTriangleIntersection.cpp:1:
In file included from source_files/rayTriangleIntersection.cpp:1:
source_files/geometry.h:120:27: error: unknown type name 'uint8_t'
    const T& operator [] (uint8_t i) const { return (&x)[i]; }
                          ^
source_files/geometry.h:121:21: error: unknown type name 'uint8_t'
    T& operator [] (uint8_t i) { return (&x)[i]; }
                    ^
source_files/geometry.h:166:15: warning: in-class initialization of non-static data member is a C++11 extension [-Wc++11-extensions]
    T x[4][4] = {{1,0,0,0},{0,1,0,0},{0,0,1,0},{0,0,0,1}};
              ^
source_files/geometry.h:192:27: error: unknown type name 'uint8_t'
    const T* operator [] (uint8_t i) const { return x[i]; }
                          ^
source_files/geometry.h:193:21: error: unknown type name 'uint8_t'
    T* operator [] (uint8_t i) { return x[i]; }
                    ^
In file included from source_files/rayTriangleIntersection.cpp:1:
source_files/rayTriangleIntersection.cpp:14:18: error: invalid operands to binary expression ('const Vec3f' (aka 'const Vec3<float>') and 'const Vec3f')
 Vec3f v0v1 = v1 - v0;
              ~~ ^ ~~
1 warning and 5 errors generated.
==============================================================
Vivado(TM) HLS - High-Level Synthesis from C, C++ and SystemC v2020.1 (64-bit)
Copyright 1986-2020 Xilinx, Inc. All Rights Reserved.
==============================================================
==============================================================
Vivado(TM) HLS - High-Level Synthesis from C, C++ and SystemC v2020.1 (64-bit)
Copyright 1986-2020 Xilinx, Inc. All Rights Reserved.
==============================================================
==============================================================
Vivado(TM) HLS - High-Level Synthesis from C, C++ and SystemC v2020.1 (64-bit)
Copyright 1986-2020 Xilinx, Inc. All Rights Reserved.
==============================================================
==============================================================
Vivado(TM) HLS - High-Level Synthesis from C, C++ and SystemC v2020.1 (64-bit)
Copyright 1986-2020 Xilinx, Inc. All Rights Reserved.
==============================================================
==============================================================
Vivado(TM) HLS - High-Level Synthesis from C, C++ and SystemC v2020.1 (64-bit)
Copyright 1986-2020 Xilinx, Inc. All Rights Reserved.
==============================================================
==============================================================
Vivado(TM) HLS - High-Level Synthesis from C, C++ and SystemC v2020.1 (64-bit)
Copyright 1986-2020 Xilinx, Inc. All Rights Reserved.
==============================================================
==============================================================
Vivado(TM) HLS - High-Level Synthesis from C, C++ and SystemC v2020.1 (64-bit)
Copyright 1986-2020 Xilinx, Inc. All Rights Reserved.
==============================================================
==============================================================
Vivado(TM) HLS - High-Level Synthesis from C, C++ and SystemC v2020.1 (64-bit)
Copyright 1986-2020 Xilinx, Inc. All Rights Reserved.
==============================================================
==============================================================
Vivado(TM) HLS - High-Level Synthesis from C, C++ and SystemC v2020.1 (64-bit)
Copyright 1986-2020 Xilinx, Inc. All Rights Reserved.
==============================================================
==============================================================
Vivado(TM) HLS - High-Level Synthesis from C, C++ and SystemC v2020.1 (64-bit)
Copyright 1986-2020 Xilinx, Inc. All Rights Reserved.
==============================================================
==============================================================
Vivado(TM) HLS - High-Level Synthesis from C, C++ and SystemC v2020.1 (64-bit)
Copyright 1986-2020 Xilinx, Inc. All Rights Reserved.
==============================================================
==============================================================
Vivado(TM) HLS - High-Level Synthesis from C, C++ and SystemC v2020.1 (64-bit)
Copyright 1986-2020 Xilinx, Inc. All Rights Reserved.
==============================================================
==============================================================
Vivado(TM) HLS - High-Level Synthesis from C, C++ and SystemC v2020.1 (64-bit)
Copyright 1986-2020 Xilinx, Inc. All Rights Reserved.
==============================================================
==============================================================
Vivado(TM) HLS - High-Level Synthesis from C, C++ and SystemC v2020.1 (64-bit)
Copyright 1986-2020 Xilinx, Inc. All Rights Reserved.
==============================================================
==============================================================
Vivado(TM) HLS - High-Level Synthesis from C, C++ and SystemC v2020.1 (64-bit)
Copyright 1986-2020 Xilinx, Inc. All Rights Reserved.
==============================================================
==============================================================
Vivado(TM) HLS - High-Level Synthesis from C, C++ and SystemC v2020.1 (64-bit)
Copyright 1986-2020 Xilinx, Inc. All Rights Reserved.
==============================================================
==============================================================
Vivado(TM) HLS - High-Level Synthesis from C, C++ and SystemC v2020.1 (64-bit)
Copyright 1986-2020 Xilinx, Inc. All Rights Reserved.
==============================================================
==============================================================
Vivado(TM) HLS - High-Level Synthesis from C, C++ and SystemC v2020.1 (64-bit)
Copyright 1986-2020 Xilinx, Inc. All Rights Reserved.
==============================================================
INFO: [SYN 201-201] Setting up clock 'default' with a period of 10ns.
INFO: [HLS 200-10] Setting target device to 'xc7z020-clg484-1'
INFO: [SCHED 204-61] Option 'relax_ii_for_timing' is enabled, will increase II to preserve clock frequency constraints.
INFO: [HLS 200-10] Analyzing design file 'source_files/rayTriangleIntersection.cpp' ... 
ERROR: [HLS 200-70] Compilation errors found: In file included from source_files/rayTriangleIntersection.cpp:1:
In file included from source_files/rayTriangleIntersection.cpp:1:
source_files/geometry.h:489:26: error: no member named 'setw' in namespace 'std'
        s << "[" << std::setw (width) << m[0][0] <<
                    ~~~~~^
source_files/geometry.h:490:26: error: no member named 'setw' in namespace 'std'
             " " << std::setw (width) << m[0][1] <<
                    ~~~~~^
source_files/geometry.h:491:26: error: no member named 'setw' in namespace 'std'
             " " << std::setw (width) << m[0][2] <<
                    ~~~~~^
source_files/geometry.h:492:26: error: no member named 'setw' in namespace 'std'
             " " << std::setw (width) << m[0][3] << "\n" <<
                    ~~~~~^
source_files/geometry.h:494:26: error: no member named 'setw' in namespace 'std'
             " " << std::setw (width) << m[1][0] <<
                    ~~~~~^
source_files/geometry.h:495:26: error: no member named 'setw' in namespace 'std'
             " " << std::setw (width) << m[1][1] <<
                    ~~~~~^
source_files/geometry.h:496:26: error: no member named 'setw' in namespace 'std'
             " " << std::setw (width) << m[1][2] <<
                    ~~~~~^
source_files/geometry.h:497:26: error: no member named 'setw' in namespace 'std'
             " " << std::setw (width) << m[1][3] << "\n" <<
                    ~~~~~^
source_files/geometry.h:499:26: error: no member named 'setw' in namespace 'std'
             " " << std::setw (width) << m[2][0] <<
                    ~~~~~^
source_files/geometry.h:500:26: error: no member named 'setw' in namespace 'std'
             " " << std::setw (width) << m[2][1] <<
                    ~~~~~^
source_files/geometry.h:501:26: error: no member named 'setw' in namespace 'std'
             " " << std::setw (width) << m[2][2] <<
                    ~~~~~^
source_files/geometry.h:502:26: error: no member named 'setw' in namespace 'std'
             " " << std::setw (width) << m[2][3] << "\n" <<
                    ~~~~~^
source_files/geometry.h:504:26: error: no member named 'setw' in namespace 'std'
             " " << std::setw (width) << m[3][0] <<
                    ~~~~~^
source_files/geometry.h:505:26: error: no member named 'setw' in namespace 'std'
             " " << std::setw (width) << m[3][1] <<
                    ~~~~~^
source_files/geometry.h:506:26: error: no member named 'setw' in namespace 'std'
             " " << std::setw (width) << m[3][2] <<
                    ~~~~~^
source_files/geometry.h:507:26: error: no member named 'setw' in namespace 'std'
             " " << std::setw (width) << m[3][3] << "]";
                    ~~~~~^
16 errors generated.
==============================================================
Vivado(TM) HLS - High-Level Synthesis from C, C++ and SystemC v2020.1 (64-bit)
Copyright 1986-2020 Xilinx, Inc. All Rights Reserved.
==============================================================
==============================================================
Vivado(TM) HLS - High-Level Synthesis from C, C++ and SystemC v2020.1 (64-bit)
Copyright 1986-2020 Xilinx, Inc. All Rights Reserved.
==============================================================
==============================================================
Vivado(TM) HLS - High-Level Synthesis from C, C++ and SystemC v2020.1 (64-bit)
Copyright 1986-2020 Xilinx, Inc. All Rights Reserved.
==============================================================
==============================================================
Vivado(TM) HLS - High-Level Synthesis from C, C++ and SystemC v2020.1 (64-bit)
Copyright 1986-2020 Xilinx, Inc. All Rights Reserved.
==============================================================
==============================================================
Vivado(TM) HLS - High-Level Synthesis from C, C++ and SystemC v2020.1 (64-bit)
Copyright 1986-2020 Xilinx, Inc. All Rights Reserved.
==============================================================
==============================================================
Vivado(TM) HLS - High-Level Synthesis from C, C++ and SystemC v2020.1 (64-bit)
Copyright 1986-2020 Xilinx, Inc. All Rights Reserved.
==============================================================
==============================================================
Vivado(TM) HLS - High-Level Synthesis from C, C++ and SystemC v2020.1 (64-bit)
Copyright 1986-2020 Xilinx, Inc. All Rights Reserved.
==============================================================
==============================================================
Vivado(TM) HLS - High-Level Synthesis from C, C++ and SystemC v2020.1 (64-bit)
Copyright 1986-2020 Xilinx, Inc. All Rights Reserved.
==============================================================
==============================================================
Vivado(TM) HLS - High-Level Synthesis from C, C++ and SystemC v2020.1 (64-bit)
Copyright 1986-2020 Xilinx, Inc. All Rights Reserved.
==============================================================
