

================================================================
== Vivado HLS Report for 'crossProduct_1'
================================================================
* Date:           Mon Oct 12 12:09:08 2020

* Version:        2020.1 (Build 2897737 on Wed May 27 20:21:37 MDT 2020)
* Project:        RayTriangleIntersection
* Solution:       BaseSolution
* Product family: zynq
* Target device:  xc7z020-clg484-1


================================================================
== Performance Estimates
================================================================
+ Timing: 
    * Summary: 
    +--------+----------+----------+------------+
    |  Clock |  Target  | Estimated| Uncertainty|
    +--------+----------+----------+------------+
    |ap_clk  | 10.00 ns | 8.750 ns |   1.25 ns  |
    +--------+----------+----------+------------+

+ Latency: 
    * Summary: 
    +---------+---------+----------+----------+-----+-----+---------+
    |  Latency (cycles) |  Latency (absolute) |  Interval | Pipeline|
    |   min   |   max   |    min   |    max   | min | max |   Type  |
    +---------+---------+----------+----------+-----+-----+---------+
    |       18|       18| 0.180 us | 0.180 us |   18|   18|   none  |
    +---------+---------+----------+----------+-----+-----+---------+

    + Detail: 
        * Instance: 
        N/A

        * Loop: 
        N/A



================================================================
== Utilization Estimates
================================================================
* Summary: 
+-----------------+---------+-------+--------+-------+-----+
|       Name      | BRAM_18K| DSP48E|   FF   |  LUT  | URAM|
+-----------------+---------+-------+--------+-------+-----+
|DSP              |        -|      -|       -|      -|    -|
|Expression       |        -|      -|       -|      -|    -|
|FIFO             |        -|      -|       -|      -|    -|
|Instance         |        -|     24|    1473|   3096|    -|
|Memory           |        -|      -|       -|      -|    -|
|Multiplexer      |        -|      -|       -|    163|    -|
|Register         |        -|      -|     403|      -|    -|
+-----------------+---------+-------+--------+-------+-----+
|Total            |        0|     24|    1876|   3259|    0|
+-----------------+---------+-------+--------+-------+-----+
|Available        |      280|    220|  106400|  53200|    0|
+-----------------+---------+-------+--------+-------+-----+
|Utilization (%)  |        0|     10|       1|      6|    0|
+-----------------+---------+-------+--------+-------+-----+

+ Detail: 
    * Instance: 
    +--------------------------+----------------------+---------+-------+-----+-----+-----+
    |         Instance         |        Module        | BRAM_18K| DSP48E|  FF | LUT | URAM|
    +--------------------------+----------------------+---------+-------+-----+-----+-----+
    |rayTI_fmul_32ns_3cud_U13  |rayTI_fmul_32ns_3cud  |        0|      3|  143|  321|    0|
    |rayTI_fmul_32ns_3cud_U14  |rayTI_fmul_32ns_3cud  |        0|      3|  143|  321|    0|
    |rayTI_fmul_32ns_3cud_U15  |rayTI_fmul_32ns_3cud  |        0|      3|  143|  321|    0|
    |rayTI_fmul_32ns_3cud_U16  |rayTI_fmul_32ns_3cud  |        0|      3|  143|  321|    0|
    |rayTI_fmul_32ns_3cud_U17  |rayTI_fmul_32ns_3cud  |        0|      3|  143|  321|    0|
    |rayTI_fmul_32ns_3cud_U18  |rayTI_fmul_32ns_3cud  |        0|      3|  143|  321|    0|
    |rayTI_fsub_32ns_3bkb_U10  |rayTI_fsub_32ns_3bkb  |        0|      2|  205|  390|    0|
    |rayTI_fsub_32ns_3bkb_U11  |rayTI_fsub_32ns_3bkb  |        0|      2|  205|  390|    0|
    |rayTI_fsub_32ns_3bkb_U12  |rayTI_fsub_32ns_3bkb  |        0|      2|  205|  390|    0|
    +--------------------------+----------------------+---------+-------+-----+-----+-----+
    |Total                     |                      |        0|     24| 1473| 3096|    0|
    +--------------------------+----------------------+---------+-------+-----+-----+-----+

    * DSP48E: 
    N/A

    * Memory: 
    N/A

    * FIFO: 
    N/A

    * Expression: 
    N/A

    * Multiplexer: 
    +---------------------------+----+-----------+-----+-----------+
    |            Name           | LUT| Input Size| Bits| Total Bits|
    +---------------------------+----+-----------+-----+-----------+
    |Vec3_float_x_blk_n_AR      |   9|          2|    1|          2|
    |Vec3_float_x_blk_n_R       |   9|          2|    1|          2|
    |ap_NS_fsm                  |  97|         20|    1|         20|
    |ap_return_0                |   9|          2|   32|         64|
    |ap_return_1                |   9|          2|   32|         64|
    |ap_return_2                |   9|          2|   32|         64|
    |m_axi_Vec3_float_x_ARADDR  |  21|          4|   32|        128|
    +---------------------------+----+-----------+-----+-----------+
    |Total                      | 163|         34|  131|        344|
    +---------------------------+----+-----------+-----+-----------+

    * Register: 
    +-----------------------------+----+----+-----+-----------+
    |             Name            | FF | LUT| Bits| Const Bits|
    +-----------------------------+----+----+-----+-----------+
    |Vec3_x_addr_10_read_reg_225  |  32|   0|   32|          0|
    |Vec3_x_addr_11_read_reg_237  |  32|   0|   32|          0|
    |Vec3_x_addr_read_reg_231     |  32|   0|   32|          0|
    |ap_CS_fsm                    |  19|   0|   19|          0|
    |ap_return_0_preg             |  32|   0|   32|          0|
    |ap_return_1_preg             |  32|   0|   32|          0|
    |ap_return_2_preg             |  32|   0|   32|          0|
    |tmp_14_reg_266               |  32|   0|   32|          0|
    |tmp_15_reg_276               |  32|   0|   32|          0|
    |tmp_16_reg_281               |  32|   0|   32|          0|
    |tmp_17_reg_286               |  32|   0|   32|          0|
    |tmp_reg_261                  |  32|   0|   32|          0|
    |tmp_s_reg_271                |  32|   0|   32|          0|
    +-----------------------------+----+----+-----+-----------+
    |Total                        | 403|   0|  403|          0|
    +-----------------------------+----+----+-----+-----------+



================================================================
== Interface
================================================================
* Summary: 
+-----------------------------+-----+-----+------------+---------------------+--------------+
|          RTL Ports          | Dir | Bits|  Protocol  |    Source Object    |    C Type    |
+-----------------------------+-----+-----+------------+---------------------+--------------+
|ap_clk                       |  in |    1| ap_ctrl_hs |    crossProduct.1   | return value |
|ap_rst                       |  in |    1| ap_ctrl_hs |    crossProduct.1   | return value |
|ap_start                     |  in |    1| ap_ctrl_hs |    crossProduct.1   | return value |
|ap_done                      | out |    1| ap_ctrl_hs |    crossProduct.1   | return value |
|ap_idle                      | out |    1| ap_ctrl_hs |    crossProduct.1   | return value |
|ap_ready                     | out |    1| ap_ctrl_hs |    crossProduct.1   | return value |
|ap_return_0                  | out |   32| ap_ctrl_hs |    crossProduct.1   | return value |
|ap_return_1                  | out |   32| ap_ctrl_hs |    crossProduct.1   | return value |
|ap_return_2                  | out |   32| ap_ctrl_hs |    crossProduct.1   | return value |
|m_axi_Vec3_float_x_AWVALID   | out |    1|    m_axi   |     Vec3_float_x    |    pointer   |
|m_axi_Vec3_float_x_AWREADY   |  in |    1|    m_axi   |     Vec3_float_x    |    pointer   |
|m_axi_Vec3_float_x_AWADDR    | out |   32|    m_axi   |     Vec3_float_x    |    pointer   |
|m_axi_Vec3_float_x_AWID      | out |    1|    m_axi   |     Vec3_float_x    |    pointer   |
|m_axi_Vec3_float_x_AWLEN     | out |   32|    m_axi   |     Vec3_float_x    |    pointer   |
|m_axi_Vec3_float_x_AWSIZE    | out |    3|    m_axi   |     Vec3_float_x    |    pointer   |
|m_axi_Vec3_float_x_AWBURST   | out |    2|    m_axi   |     Vec3_float_x    |    pointer   |
|m_axi_Vec3_float_x_AWLOCK    | out |    2|    m_axi   |     Vec3_float_x    |    pointer   |
|m_axi_Vec3_float_x_AWCACHE   | out |    4|    m_axi   |     Vec3_float_x    |    pointer   |
|m_axi_Vec3_float_x_AWPROT    | out |    3|    m_axi   |     Vec3_float_x    |    pointer   |
|m_axi_Vec3_float_x_AWQOS     | out |    4|    m_axi   |     Vec3_float_x    |    pointer   |
|m_axi_Vec3_float_x_AWREGION  | out |    4|    m_axi   |     Vec3_float_x    |    pointer   |
|m_axi_Vec3_float_x_AWUSER    | out |    1|    m_axi   |     Vec3_float_x    |    pointer   |
|m_axi_Vec3_float_x_WVALID    | out |    1|    m_axi   |     Vec3_float_x    |    pointer   |
|m_axi_Vec3_float_x_WREADY    |  in |    1|    m_axi   |     Vec3_float_x    |    pointer   |
|m_axi_Vec3_float_x_WDATA     | out |   32|    m_axi   |     Vec3_float_x    |    pointer   |
|m_axi_Vec3_float_x_WSTRB     | out |    4|    m_axi   |     Vec3_float_x    |    pointer   |
|m_axi_Vec3_float_x_WLAST     | out |    1|    m_axi   |     Vec3_float_x    |    pointer   |
|m_axi_Vec3_float_x_WID       | out |    1|    m_axi   |     Vec3_float_x    |    pointer   |
|m_axi_Vec3_float_x_WUSER     | out |    1|    m_axi   |     Vec3_float_x    |    pointer   |
|m_axi_Vec3_float_x_ARVALID   | out |    1|    m_axi   |     Vec3_float_x    |    pointer   |
|m_axi_Vec3_float_x_ARREADY   |  in |    1|    m_axi   |     Vec3_float_x    |    pointer   |
|m_axi_Vec3_float_x_ARADDR    | out |   32|    m_axi   |     Vec3_float_x    |    pointer   |
|m_axi_Vec3_float_x_ARID      | out |    1|    m_axi   |     Vec3_float_x    |    pointer   |
|m_axi_Vec3_float_x_ARLEN     | out |   32|    m_axi   |     Vec3_float_x    |    pointer   |
|m_axi_Vec3_float_x_ARSIZE    | out |    3|    m_axi   |     Vec3_float_x    |    pointer   |
|m_axi_Vec3_float_x_ARBURST   | out |    2|    m_axi   |     Vec3_float_x    |    pointer   |
|m_axi_Vec3_float_x_ARLOCK    | out |    2|    m_axi   |     Vec3_float_x    |    pointer   |
|m_axi_Vec3_float_x_ARCACHE   | out |    4|    m_axi   |     Vec3_float_x    |    pointer   |
|m_axi_Vec3_float_x_ARPROT    | out |    3|    m_axi   |     Vec3_float_x    |    pointer   |
|m_axi_Vec3_float_x_ARQOS     | out |    4|    m_axi   |     Vec3_float_x    |    pointer   |
|m_axi_Vec3_float_x_ARREGION  | out |    4|    m_axi   |     Vec3_float_x    |    pointer   |
|m_axi_Vec3_float_x_ARUSER    | out |    1|    m_axi   |     Vec3_float_x    |    pointer   |
|m_axi_Vec3_float_x_RVALID    |  in |    1|    m_axi   |     Vec3_float_x    |    pointer   |
|m_axi_Vec3_float_x_RREADY    | out |    1|    m_axi   |     Vec3_float_x    |    pointer   |
|m_axi_Vec3_float_x_RDATA     |  in |   32|    m_axi   |     Vec3_float_x    |    pointer   |
|m_axi_Vec3_float_x_RLAST     |  in |    1|    m_axi   |     Vec3_float_x    |    pointer   |
|m_axi_Vec3_float_x_RID       |  in |    1|    m_axi   |     Vec3_float_x    |    pointer   |
|m_axi_Vec3_float_x_RUSER     |  in |    1|    m_axi   |     Vec3_float_x    |    pointer   |
|m_axi_Vec3_float_x_RRESP     |  in |    2|    m_axi   |     Vec3_float_x    |    pointer   |
|m_axi_Vec3_float_x_BVALID    |  in |    1|    m_axi   |     Vec3_float_x    |    pointer   |
|m_axi_Vec3_float_x_BREADY    | out |    1|    m_axi   |     Vec3_float_x    |    pointer   |
|m_axi_Vec3_float_x_BRESP     |  in |    2|    m_axi   |     Vec3_float_x    |    pointer   |
|m_axi_Vec3_float_x_BID       |  in |    1|    m_axi   |     Vec3_float_x    |    pointer   |
|m_axi_Vec3_float_x_BUSER     |  in |    1|    m_axi   |     Vec3_float_x    |    pointer   |
|Vec3_float_x_offset          |  in |   30|   ap_none  | Vec3_float_x_offset |    scalar    |
|Vec3_float_y_offset          |  in |   30|   ap_none  | Vec3_float_y_offset |    scalar    |
|Vec3_float_z_offset          |  in |   30|   ap_none  | Vec3_float_z_offset |    scalar    |
|v_x_read                     |  in |   32|   ap_none  |       v_x_read      |    scalar    |
|v_y_read                     |  in |   32|   ap_none  |       v_y_read      |    scalar    |
|v_z_read                     |  in |   32|   ap_none  |       v_z_read      |    scalar    |
+-----------------------------+-----+-----+------------+---------------------+--------------+

